<?xml version="1.0" encoding="UTF-8"?>
<testsuite name="ejemplo.pruebas.FacturaTest" tests="4" skipped="0" failures="0" errors="0" timestamp="2018-05-25T19:46:05" hostname="ANDRES-CRESPO" time="0.024">
  <properties/>
  <testcase name="calcularDiasDesdeTest" classname="ejemplo.pruebas.FacturaTest" time="0.004"/>
  <testcase name="calcularValorFacturaTest" classname="ejemplo.pruebas.FacturaTest" time="0.02"/>
  <testcase name="calcularHorasSobrantesDesdeTest" classname="ejemplo.pruebas.FacturaTest" time="0.0"/>
  <testcase name="calcularNumeroDeHorasEntreDosFechasTest" classname="ejemplo.pruebas.FacturaTest" time="0.0"/>
  <system-out><![CDATA[17000.0
]]></system-out>
  <system-err><![CDATA[]]></system-err>
</testsuite>
