<?xml version="1.0" encoding="UTF-8"?>
<<<<<<< HEAD
<testsuite name="ejemplo.pruebas.TarifaTest" tests="4" skipped="0" failures="0" errors="0" timestamp="2018-05-25T21:16:56" hostname="ANDRES-CRESPO" time="0.001">
  <properties/>
  <testcase name="calcularValorPorHoraTest" classname="ejemplo.pruebas.TarifaTest" time="0.0"/>
  <testcase name="crearTarifaTest" classname="ejemplo.pruebas.TarifaTest" time="0.0"/>
  <testcase name="calcularValorAdicionalPorCilindrajeSiEsMotoTest" classname="ejemplo.pruebas.TarifaTest" time="0.001"/>
=======
<testsuite name="ejemplo.pruebas.TarifaTest" tests="4" skipped="0" failures="0" errors="0" timestamp="2018-05-28T00:10:42" hostname="Andre" time="0.004">
  <properties/>
  <testcase name="calcularValorPorHoraTest" classname="ejemplo.pruebas.TarifaTest" time="0.0"/>
  <testcase name="crearTarifaTest" classname="ejemplo.pruebas.TarifaTest" time="0.001"/>
  <testcase name="calcularValorAdicionalPorCilindrajeSiEsMotoTest" classname="ejemplo.pruebas.TarifaTest" time="0.0"/>
>>>>>>> 9f31ae170384c4d56fb6d9a8eb7261575b4a70f5
  <testcase name="calcularValorPorDiaTest" classname="ejemplo.pruebas.TarifaTest" time="0.0"/>
  <system-out><![CDATA[]]></system-out>
  <system-err><![CDATA[]]></system-err>
</testsuite>
