<?xml version="1.0" encoding="UTF-8"?>
<testsuite name="ejemplo.pruebas.FacturaTest" tests="2" skipped="0" failures="0" errors="0" timestamp="2018-05-25T21:16:56" hostname="ANDRES-CRESPO" time="0.02">
  <properties/>
  <testcase name="calcularValorFacturaTest" classname="ejemplo.pruebas.FacturaTest" time="0.02"/>
  <testcase name="calcularNumeroDeHorasEntreDosFechasTest" classname="ejemplo.pruebas.FacturaTest" time="0.0"/>
  <system-out><![CDATA[]]></system-out>
  <system-err><![CDATA[]]></system-err>
</testsuite>
